2022-06-30 11:11:30 INFO  Utils - [TestNG] Running:
  C:\Users\Vrunda Vibhute\eclipse-workspace\MasterFramework\testng.xml

2022-06-30 11:14:34 INFO  Utils - [TestNG] Running:
  C:\Users\Vrunda Vibhute\eclipse-workspace\MasterFramework\testng.xml

2022-06-30 11:14:34 INFO  SetUp - Test Case_VerifyCRMLogin_Successfully Started
2022-06-30 11:14:41 INFO  WebDriverManager - Using chromedriver 102.0.5005.61 (resolved driver for Chrome 102)
2022-06-30 11:14:41 INFO  WebDriverManager - Exporting webdriver.chrome.driver as C:\Users\Vrunda Vibhute\.cache\selenium\chromedriver\win32\102.0.5005.61\chromedriver.exe
2022-06-30 11:14:43 INFO  SetUp - Chrome Browser Launched..
2022-06-30 11:14:52 INFO  SetUp - URL : https://kmb.crmnext.com/sng7/app/login/login
2022-06-30 11:14:52 INFO  ScreenShot - ScreenShot captured LoginPage || Status :Pass
2022-06-30 11:14:53 INFO  CommonMethods - Data Sucessfully entered on User Name = admin
2022-06-30 11:14:54 INFO  CommonMethods - Data Sucessfully entered on Password = acid_qa
2022-06-30 11:14:57 INFO  SetUp - Test Case_VerifyCRMLogin_Successfully Passed
2022-06-30 11:14:58 INFO  ScreenShot - ScreenShot captured VerifyCRMLogin || Status :Pass
2022-06-30 11:14:59 INFO  ExcelOperation - Write to excel with : Row=1 | Cell =3 | Data =Pass
2022-06-30 12:13:17 INFO  Utils - [TestNG] Running:
  C:\Users\Vrunda Vibhute\eclipse-workspace\MasterFramework\testng.xml

2022-06-30 12:13:17 INFO  SetUp - Test Case_VerifyCRMLogin_Successfully Started
2022-06-30 12:13:18 INFO  WebDriverManager - Using chromedriver 102.0.5005.61 (resolved driver for Chrome 102)
2022-06-30 12:13:18 INFO  WebDriverManager - Exporting webdriver.chrome.driver as C:\Users\Vrunda Vibhute\.cache\selenium\chromedriver\win32\102.0.5005.61\chromedriver.exe
2022-06-30 12:13:20 INFO  SetUp - Chrome Browser Launched..
2022-06-30 12:13:21 INFO  SetUp - URL : https://kmb.crmnext.com/sng7/app/login/login
2022-06-30 12:13:21 INFO  ScreenShot - ScreenShot captured LoginPage || Status :Pass
2022-06-30 12:13:23 INFO  CommonMethods - Data Sucessfully entered on User Name = admin
2022-06-30 12:13:24 INFO  CommonMethods - Data Sucessfully entered on Password = acid_qa
2022-06-30 12:13:28 INFO  LoginPage - Sucessfully logout..
2022-06-30 12:13:28 INFO  SetUp - Test Case_VerifyCRMLogin_Successfully Passed
2022-06-30 12:13:29 INFO  CommonMethods - Row num for TestScenario = VerifyCRMLogin is = 1
2022-06-30 12:13:29 INFO  SetUp - Row Num =1
2022-06-30 12:13:30 INFO  ExcelOperation - Write to excel with : Row=1 | Cell =3 | Data =Pass
2022-06-30 12:18:23 INFO  Utils - [TestNG] Running:
  C:\Users\Vrunda Vibhute\eclipse-workspace\MasterFramework\testng.xml

2022-06-30 12:18:23 INFO  SetUp - Test Case_VerifyCRMLogin_Successfully Started
2022-06-30 12:18:24 INFO  WebDriverManager - Using chromedriver 102.0.5005.61 (resolved driver for Chrome 102)
2022-06-30 12:18:24 INFO  WebDriverManager - Exporting webdriver.chrome.driver as C:\Users\Vrunda Vibhute\.cache\selenium\chromedriver\win32\102.0.5005.61\chromedriver.exe
2022-06-30 12:18:27 INFO  SetUp - Chrome Browser Launched..
2022-06-30 12:18:27 INFO  SetUp - URL : https://kmb.crmnext.com/sng7/app/login/login
2022-06-30 12:18:28 INFO  ScreenShot - ScreenShot captured LoginPage || Status :Pass
2022-06-30 12:18:29 INFO  CommonMethods - Data Sucessfully entered on User Name = admin
2022-06-30 12:18:31 INFO  CommonMethods - Data Sucessfully entered on Password = acid_qa
2022-06-30 12:19:52 ERROR SetUp - VerifyCRMLogin Get Failed due to 
Expected condition failed: waiting for visibility of [[ChromeDriver: chrome on WINDOWS (f51d217097648a5aa15a0bc4402f6243)] -> xpath: //div[@data-autoid='Logout']/a] (tried for 70 second(s) with 500 milliseconds interval)
Build info: version: '4.1.0', revision: '87802e897b'
System info: host: 'VRUNDAV', ip: '192.168.1.100', os.name: 'Windows 10', os.arch: 'amd64', os.version: '10.0', java.version: '11'
Driver info: org.openqa.selenium.chrome.ChromeDriver
Capabilities {acceptInsecureCerts: false, browserName: chrome, browserVersion: 102.0.5005.115, chrome: {chromedriverVersion: 102.0.5005.61 (0e59bcc00cc4..., userDataDir: C:\Users\VRUNDA~1\AppData\L...}, goog:chromeOptions: {debuggerAddress: localhost:61212}, javascriptEnabled: true, networkConnectionEnabled: false, pageLoadStrategy: normal, platform: WINDOWS, platformName: WINDOWS, proxy: Proxy(), se:cdp: ws://localhost:61212/devtoo..., se:cdpVersion: 102.0.5005.115, setWindowRect: true, strictFileInteractability: false, timeouts: {implicit: 0, pageLoad: 300000, script: 30000}, unhandledPromptBehavior: dismiss and notify, webauthn:extension:credBlob: true, webauthn:extension:largeBlob: true, webauthn:virtualAuthenticators: true}
Session ID: f51d217097648a5aa15a0bc4402f6243
2022-06-30 12:19:52 INFO  ScreenShot - ScreenShot captured VerifyCRMLogin || Status :Fail
2022-06-30 12:19:52 INFO  CommonMethods - Row num for TestScenario = VerifyCRMLogin is = 1
2022-06-30 12:19:53 INFO  ExcelOperation - Write to excel with : Row=1 | Cell =3 | Data =FAIL
2022-06-30 12:23:22 INFO  Utils - [TestNG] Running:
  C:\Users\Vrunda Vibhute\eclipse-workspace\MasterFramework\testng.xml

2022-06-30 12:23:22 INFO  SetUp - Test Case_VerifyCRMLogin_Successfully Started
2022-06-30 12:23:23 INFO  WebDriverManager - Using chromedriver 102.0.5005.61 (resolved driver for Chrome 102)
2022-06-30 12:23:23 INFO  WebDriverManager - Exporting webdriver.chrome.driver as C:\Users\Vrunda Vibhute\.cache\selenium\chromedriver\win32\102.0.5005.61\chromedriver.exe
2022-06-30 12:23:25 INFO  SetUp - Chrome Browser Launched..
2022-06-30 12:23:25 INFO  SetUp - URL : https://kmb.crmnext.com/sng7/app/login/login
2022-06-30 12:23:26 INFO  ScreenShot - ScreenShot captured LoginPage || Status :Pass
2022-06-30 12:23:27 INFO  CommonMethods - Data Sucessfully entered on User Name = admin
2022-06-30 12:23:29 INFO  CommonMethods - Data Sucessfully entered on Password = acid_qa
2022-06-30 12:23:37 INFO  LoginPage - Sucessfully logout..
2022-06-30 12:23:37 INFO  SetUp - Test Case_VerifyCRMLogin_Successfully Passed
2022-06-30 12:23:37 INFO  CommonMethods - Row num for TestScenario = VerifyCRMLogin is = 1
2022-06-30 12:23:38 INFO  ExcelOperation - Write to excel with : Row=1 | Cell =3 | Data =Pass
2022-06-30 15:53:38 INFO  Utils - [TestNG] Running:
  C:\Users\Vrunda Vibhute\git\MasterFramework\MasterFramework\testng.xml

2022-06-30 15:53:38 INFO  SetUp - Test Case_VerifyCRMLogin_Successfully Started
2022-06-30 15:53:39 INFO  SetUp - Browser = Chrome
2022-06-30 15:53:45 INFO  WebDriverManager - Using chromedriver 102.0.5005.61 (resolved driver for Chrome 102)
2022-06-30 15:53:45 INFO  WebDriverManager - Exporting webdriver.chrome.driver as C:\Users\Vrunda Vibhute\.cache\selenium\chromedriver\win32\102.0.5005.61\chromedriver.exe
2022-06-30 15:53:47 INFO  SetUp - Chrome Browser Launched..
2022-06-30 15:53:50 INFO  SetUp - URL : https://kmb.crmnext.com/sng7/app/login/login
2022-06-30 15:53:51 INFO  ScreenShot - ScreenShot captured LoginPage || Status :Pass
2022-06-30 15:53:57 INFO  CommonMethods - Data Sucessfully entered on User Name = admin
2022-06-30 15:53:59 INFO  CommonMethods - Data Sucessfully entered on Password = acid_qa
2022-06-30 15:54:06 INFO  LoginPage - Sucessfully logout..
2022-06-30 15:54:06 INFO  SetUp - Test Case_VerifyCRMLogin_Successfully Passed
2022-06-30 15:54:06 INFO  CommonMethods - Row num for TestScenario = VerifyCRMLogin is = 1
2022-06-30 15:54:08 INFO  ExcelOperation - Write to excel with : Row=1 | Cell =3 | Data =Pass
